# JRE version: Java(TM) SE Runtime Environment 18.9 (11.0.11+9) (build 11.0.11+9-LTS-194)
# Java VM: Java HotSpot(TM) 64-Bit Server VM 18.9 (11.0.11+9-LTS-194, mixed mode, tiered, compressed oops, g1 gc, windows-amd64)
Heap:
 garbage-first heap   total 262144K, used 170360K [0x00000000e0000000, 0x0000000100000000)
  region size 1024K, 74 young (75776K), 10 survivors (10240K)
 Metaspace       used 78749K, capacity 81299K, committed 81608K, reserved 325632K
  class space    used 10129K, capacity 11065K, committed 11136K, reserved 253952K
GC Heap History (10 events):
Event: 10.276 GC heap before
{Heap before GC invocations=10 (full 0):
 garbage-first heap   total 262144K, used 196772K [0x00000000e0000000, 0x0000000100000000)
  region size 1024K, 136 young (139264K), 4 survivors (4096K)
 Metaspace       used 53402K, capacity 54948K, committed 55112K, reserved 303104K
  class space    used 6853K, capacity 7357K, committed 7424K, reserved 253952K
}
Event: 10.284 GC heap after
{Heap after GC invocations=11 (full 0):
 garbage-first heap   total 262144K, used 68156K [0x00000000e0000000, 0x0000000100000000)
  region size 1024K, 10 young (10240K), 10 survivors (10240K)
 Metaspace       used 53402K, capacity 54948K, committed 55112K, reserved 303104K
  class space    used 6853K, capacity 7357K, committed 7424K, reserved 253952K
}
Event: 11.113 GC heap before
{Heap before GC invocations=11 (full 0):
 garbage-first heap   total 262144K, used 125500K [0x00000000e0000000, 0x0000000100000000)
  region size 1024K, 67 young (68608K), 10 survivors (10240K)
 Metaspace       used 58204K, capacity 59949K, committed 59976K, reserved 307200K
  class space    used 7567K, capacity 8166K, committed 8192K, reserved 253952K
}
Event: 11.122 GC heap after
{Heap after GC invocations=12 (full 0):
 garbage-first heap   total 262144K, used 71335K [0x00000000e0000000, 0x0000000100000000)
  region size 1024K, 11 young (11264K), 11 survivors (11264K)
 Metaspace       used 58204K, capacity 59949K, committed 59976K, reserved 307200K
  class space    used 7567K, capacity 8166K, committed 8192K, reserved 253952K
}
Event: 12.875 GC heap before
{Heap before GC invocations=13 (full 0):
 garbage-first heap   total 262144K, used 190119K [0x00000000e0000000, 0x0000000100000000)
  region size 1024K, 114 young (116736K), 11 survivors (11264K)
 Metaspace       used 64575K, capacity 66778K, committed 66888K, reserved 313344K
  class space    used 8401K, capacity 9159K, committed 9216K, reserved 253952K
}
Event: 12.892 GC heap after
{Heap after GC invocations=14 (full 0):
 garbage-first heap   total 262144K, used 96398K [0x00000000e0000000, 0x0000000100000000)
  region size 1024K, 14 young (14336K), 14 survivors (14336K)
 Metaspace       used 64575K, capacity 66778K, committed 66888K, reserved 313344K
  class space    used 8401K, capacity 9159K, committed 9216K, reserved 253952K
}
Event: 16.357 GC heap before
{Heap before GC invocations=14 (full 0):
 garbage-first heap   total 262144K, used 189582K [0x00000000e0000000, 0x0000000100000000)
  region size 1024K, 106 young (108544K), 14 survivors (14336K)
 Metaspace       used 74345K, capacity 76652K, committed 76872K, reserved 321536K
  class space    used 9600K, capacity 10436K, committed 10496K, reserved 253952K
}
Event: 16.372 GC heap after
{Heap after GC invocations=15 (full 0):
 garbage-first heap   total 262144K, used 102924K [0x00000000e0000000, 0x0000000100000000)
  region size 1024K, 7 young (7168K), 7 survivors (7168K)
 Metaspace       used 74345K, capacity 76652K, committed 76872K, reserved 321536K
  class space    used 9600K, capacity 10436K, committed 10496K, reserved 253952K
}
Event: 17.715 GC heap before
{Heap before GC invocations=15 (full 0):
 garbage-first heap   total 262144K, used 197132K [0x00000000e0000000, 0x0000000100000000)
  region size 1024K, 99 young (101376K), 7 survivors (7168K)
 Metaspace       used 77159K, capacity 79593K, committed 79816K, reserved 323584K
  class space    used 9937K, capacity 10804K, committed 10880K, reserved 253952K
}
Event: 17.727 GC heap after
{Heap after GC invocations=16 (full 0):
 garbage-first heap   total 262144K, used 105848K [0x00000000e0000000, 0x0000000100000000)
  region size 1024K, 10 young (10240K), 10 survivors (10240K)
 Metaspace       used 77159K, capacity 79593K, committed 79816K, reserved 323584K
  class space    used 9937K, capacity 10804K, committed 10880K, reserved 253952K
}

